2020-12-14 00:00:28.638 [main] INFO  cn.edu.xmu.gateway.Application - No active profile set, falling back to default profiles: default
2020-12-14 00:00:31.720 [main] ERROR o.s.cloud.gateway.route.CachingRouteLocator - Refresh routes error !!!
reactor.core.Exceptions$ErrorCallbackNotImplemented: java.lang.IllegalArgumentException: Unable to find GatewayFilterFactory with name Auth
Caused by: java.lang.IllegalArgumentException: Unable to find GatewayFilterFactory with name Auth
	at org.springframework.cloud.gateway.route.RouteDefinitionRouteLocator.loadGatewayFilters(RouteDefinitionRouteLocator.java:187)
	at org.springframework.cloud.gateway.route.RouteDefinitionRouteLocator.getFilters(RouteDefinitionRouteLocator.java:233)
	at org.springframework.cloud.gateway.route.RouteDefinitionRouteLocator.convertToRoute(RouteDefinitionRouteLocator.java:170)
	at reactor.core.publisher.FluxMap$MapSubscriber.onNext(FluxMap.java:100)
	at reactor.core.publisher.FluxFlatMap$FlatMapMain.tryEmitScalar(FluxFlatMap.java:480)
	at reactor.core.publisher.FluxFlatMap$FlatMapMain.onNext(FluxFlatMap.java:413)
	at reactor.core.publisher.FluxMergeSequential$MergeSequentialMain.drain(FluxMergeSequential.java:425)
	at reactor.core.publisher.FluxMergeSequential$MergeSequentialMain.innerComplete(FluxMergeSequential.java:321)
	at reactor.core.publisher.FluxMergeSequential$MergeSequentialInner.onSubscribe(FluxMergeSequential.java:544)
	at reactor.core.publisher.FluxIterable.subscribe(FluxIterable.java:161)
	at reactor.core.publisher.FluxIterable.subscribe(FluxIterable.java:86)
	at reactor.core.publisher.Flux.subscribe(Flux.java:8325)
	at reactor.core.publisher.FluxMergeSequential$MergeSequentialMain.onNext(FluxMergeSequential.java:230)
	at reactor.core.publisher.FluxIterable$IterableSubscription.slowPath(FluxIterable.java:267)
	at reactor.core.publisher.FluxIterable$IterableSubscription.request(FluxIterable.java:225)
	at reactor.core.publisher.FluxMergeSequential$MergeSequentialMain.onSubscribe(FluxMergeSequential.java:191)
	at reactor.core.publisher.FluxIterable.subscribe(FluxIterable.java:161)
	at reactor.core.publisher.FluxIterable.subscribe(FluxIterable.java:86)
	at reactor.core.publisher.Flux.subscribe(Flux.java:8325)
	at reactor.core.publisher.FluxMergeSequential$MergeSequentialMain.onNext(FluxMergeSequential.java:230)
	at reactor.core.publisher.FluxIterable$IterableSubscription.slowPath(FluxIterable.java:267)
	at reactor.core.publisher.FluxIterable$IterableSubscription.request(FluxIterable.java:225)
	at reactor.core.publisher.FluxMergeSequential$MergeSequentialMain.onSubscribe(FluxMergeSequential.java:191)
	at reactor.core.publisher.FluxIterable.subscribe(FluxIterable.java:161)
	at reactor.core.publisher.FluxIterable.subscribe(FluxIterable.java:86)
	at reactor.core.publisher.Mono.subscribe(Mono.java:4213)
	at reactor.core.publisher.Mono.subscribeWith(Mono.java:4324)
	at reactor.core.publisher.Mono.subscribe(Mono.java:4184)
	at reactor.core.publisher.Mono.subscribe(Mono.java:4120)
	at reactor.core.publisher.Mono.subscribe(Mono.java:4067)
	at org.springframework.cloud.gateway.route.CachingRouteLocator.onApplicationEvent(CachingRouteLocator.java:82)
	at org.springframework.cloud.gateway.route.CachingRouteLocator.onApplicationEvent(CachingRouteLocator.java:40)
	at org.springframework.context.event.SimpleApplicationEventMulticaster.doInvokeListener(SimpleApplicationEventMulticaster.java:172)
	at org.springframework.context.event.SimpleApplicationEventMulticaster.invokeListener(SimpleApplicationEventMulticaster.java:165)
	at org.springframework.context.event.SimpleApplicationEventMulticaster.multicastEvent(SimpleApplicationEventMulticaster.java:139)
	at org.springframework.context.support.AbstractApplicationContext.publishEvent(AbstractApplicationContext.java:404)
	at org.springframework.context.support.AbstractApplicationContext.publishEvent(AbstractApplicationContext.java:361)
	at org.springframework.cloud.gateway.route.RouteRefreshListener.reset(RouteRefreshListener.java:75)
	at org.springframework.cloud.gateway.route.RouteRefreshListener.onApplicationEvent(RouteRefreshListener.java:51)
	at org.springframework.context.event.SimpleApplicationEventMulticaster.doInvokeListener(SimpleApplicationEventMulticaster.java:172)
	at org.springframework.context.event.SimpleApplicationEventMulticaster.invokeListener(SimpleApplicationEventMulticaster.java:165)
	at org.springframework.context.event.SimpleApplicationEventMulticaster.multicastEvent(SimpleApplicationEventMulticaster.java:139)
	at org.springframework.context.support.AbstractApplicationContext.publishEvent(AbstractApplicationContext.java:404)
	at org.springframework.context.support.AbstractApplicationContext.publishEvent(AbstractApplicationContext.java:361)
	at org.springframework.context.support.AbstractApplicationContext.finishRefresh(AbstractApplicationContext.java:898)
	at org.springframework.context.support.AbstractApplicationContext.refresh(AbstractApplicationContext.java:554)
	at org.springframework.boot.web.reactive.context.ReactiveWebServerApplicationContext.refresh(ReactiveWebServerApplicationContext.java:62)
	at org.springframework.boot.SpringApplication.refresh(SpringApplication.java:758)
	at org.springframework.boot.SpringApplication.refresh(SpringApplication.java:750)
	at org.springframework.boot.SpringApplication.refreshContext(SpringApplication.java:397)
	at org.springframework.boot.SpringApplication.run(SpringApplication.java:315)
	at org.springframework.boot.SpringApplication.run(SpringApplication.java:1237)
	at org.springframework.boot.SpringApplication.run(SpringApplication.java:1226)
	at cn.edu.xmu.gateway.Application.main(Application.java:12)
2020-12-14 00:00:33.874 [main] ERROR org.springframework.boot.SpringApplication - Application run failed
reactor.core.Exceptions$ErrorCallbackNotImplemented: java.lang.IllegalArgumentException: Unable to find GatewayFilterFactory with name Auth
Caused by: java.lang.IllegalArgumentException: Unable to find GatewayFilterFactory with name Auth
	at org.springframework.cloud.gateway.route.RouteDefinitionRouteLocator.loadGatewayFilters(RouteDefinitionRouteLocator.java:187)
	at org.springframework.cloud.gateway.route.RouteDefinitionRouteLocator.getFilters(RouteDefinitionRouteLocator.java:233)
	at org.springframework.cloud.gateway.route.RouteDefinitionRouteLocator.convertToRoute(RouteDefinitionRouteLocator.java:170)
	at reactor.core.publisher.FluxMap$MapSubscriber.onNext(FluxMap.java:100)
	at reactor.core.publisher.FluxFlatMap$FlatMapMain.tryEmitScalar(FluxFlatMap.java:480)
	at reactor.core.publisher.FluxFlatMap$FlatMapMain.onNext(FluxFlatMap.java:413)
	at reactor.core.publisher.FluxMergeSequential$MergeSequentialMain.drain(FluxMergeSequential.java:425)
	at reactor.core.publisher.FluxMergeSequential$MergeSequentialMain.innerComplete(FluxMergeSequential.java:321)
	at reactor.core.publisher.FluxMergeSequential$MergeSequentialInner.onSubscribe(FluxMergeSequential.java:544)
	at reactor.core.publisher.FluxIterable.subscribe(FluxIterable.java:161)
	at reactor.core.publisher.FluxIterable.subscribe(FluxIterable.java:86)
	at reactor.core.publisher.Flux.subscribe(Flux.java:8325)
	at reactor.core.publisher.FluxMergeSequential$MergeSequentialMain.onNext(FluxMergeSequential.java:230)
	at reactor.core.publisher.FluxIterable$IterableSubscription.slowPath(FluxIterable.java:267)
	at reactor.core.publisher.FluxIterable$IterableSubscription.request(FluxIterable.java:225)
	at reactor.core.publisher.FluxMergeSequential$MergeSequentialMain.onSubscribe(FluxMergeSequential.java:191)
	at reactor.core.publisher.FluxIterable.subscribe(FluxIterable.java:161)
	at reactor.core.publisher.FluxIterable.subscribe(FluxIterable.java:86)
	at reactor.core.publisher.Flux.subscribe(Flux.java:8325)
	at reactor.core.publisher.FluxMergeSequential$MergeSequentialMain.onNext(FluxMergeSequential.java:230)
	at reactor.core.publisher.FluxIterable$IterableSubscription.slowPath(FluxIterable.java:267)
	at reactor.core.publisher.FluxIterable$IterableSubscription.request(FluxIterable.java:225)
	at reactor.core.publisher.FluxMergeSequential$MergeSequentialMain.onSubscribe(FluxMergeSequential.java:191)
	at reactor.core.publisher.FluxIterable.subscribe(FluxIterable.java:161)
	at reactor.core.publisher.FluxIterable.subscribe(FluxIterable.java:86)
	at reactor.core.publisher.InternalFluxOperator.subscribe(InternalFluxOperator.java:62)
	at reactor.core.publisher.FluxDefer.subscribe(FluxDefer.java:54)
	at reactor.core.publisher.Flux.subscribe(Flux.java:8325)
	at reactor.core.publisher.Flux.subscribeWith(Flux.java:8494)
	at reactor.core.publisher.Flux.subscribe(Flux.java:8295)
	at reactor.core.publisher.Flux.subscribe(Flux.java:8222)
	at reactor.core.publisher.Flux.subscribe(Flux.java:8140)
	at org.springframework.cloud.gateway.filter.WeightCalculatorWebFilter.lambda$onApplicationEvent$0(WeightCalculatorWebFilter.java:146)
	at org.springframework.beans.factory.ObjectProvider.ifAvailable(ObjectProvider.java:93)
	at org.springframework.cloud.gateway.filter.WeightCalculatorWebFilter.onApplicationEvent(WeightCalculatorWebFilter.java:146)
	at org.springframework.context.event.SimpleApplicationEventMulticaster.doInvokeListener(SimpleApplicationEventMulticaster.java:172)
	at org.springframework.context.event.SimpleApplicationEventMulticaster.invokeListener(SimpleApplicationEventMulticaster.java:165)
	at org.springframework.context.event.SimpleApplicationEventMulticaster.multicastEvent(SimpleApplicationEventMulticaster.java:139)
	at org.springframework.context.support.AbstractApplicationContext.publishEvent(AbstractApplicationContext.java:404)
	at org.springframework.context.support.AbstractApplicationContext.publishEvent(AbstractApplicationContext.java:361)
	at org.springframework.cloud.gateway.route.RouteRefreshListener.reset(RouteRefreshListener.java:75)
	at org.springframework.cloud.gateway.route.RouteRefreshListener.onApplicationEvent(RouteRefreshListener.java:51)
	at org.springframework.context.event.SimpleApplicationEventMulticaster.doInvokeListener(SimpleApplicationEventMulticaster.java:172)
	at org.springframework.context.event.SimpleApplicationEventMulticaster.invokeListener(SimpleApplicationEventMulticaster.java:165)
	at org.springframework.context.event.SimpleApplicationEventMulticaster.multicastEvent(SimpleApplicationEventMulticaster.java:139)
	at org.springframework.context.support.AbstractApplicationContext.publishEvent(AbstractApplicationContext.java:404)
	at org.springframework.context.support.AbstractApplicationContext.publishEvent(AbstractApplicationContext.java:361)
	at org.springframework.context.support.AbstractApplicationContext.finishRefresh(AbstractApplicationContext.java:898)
	at org.springframework.context.support.AbstractApplicationContext.refresh(AbstractApplicationContext.java:554)
	at org.springframework.boot.web.reactive.context.ReactiveWebServerApplicationContext.refresh(ReactiveWebServerApplicationContext.java:62)
	at org.springframework.boot.SpringApplication.refresh(SpringApplication.java:758)
	at org.springframework.boot.SpringApplication.refresh(SpringApplication.java:750)
	at org.springframework.boot.SpringApplication.refreshContext(SpringApplication.java:397)
	at org.springframework.boot.SpringApplication.run(SpringApplication.java:315)
	at org.springframework.boot.SpringApplication.run(SpringApplication.java:1237)
	at org.springframework.boot.SpringApplication.run(SpringApplication.java:1226)
	at cn.edu.xmu.gateway.Application.main(Application.java:12)
2020-12-14 00:01:06.060 [main] INFO  cn.edu.xmu.gateway.Application - No active profile set, falling back to default profiles: default
2020-12-14 00:01:09.156 [main] INFO  cn.edu.xmu.gateway.Application - Started Application in 4.143 seconds (JVM running for 4.613)
2020-12-14 00:02:30.039 [main] INFO  cn.edu.xmu.gateway.Application - No active profile set, falling back to default profiles: default
2020-12-14 00:02:33.168 [main] INFO  cn.edu.xmu.gateway.Application - Started Application in 4.156 seconds (JVM running for 4.645)
2020-12-14 09:33:27.516 [main] INFO  cn.edu.xmu.gateway.Application - No active profile set, falling back to default profiles: default
2020-12-14 09:33:31.923 [main] INFO  cn.edu.xmu.gateway.Application - Started Application in 5.862 seconds (JVM running for 6.334)
2020-12-14 09:33:49.462 [reactor-http-nio-2] DEBUG cn.edu.xmu.gateway.localfilter.AuthFilter - filter: token = null
2020-12-14 09:34:01.252 [reactor-http-nio-2] DEBUG cn.edu.xmu.gateway.localfilter.AuthFilter - filter: token = null
2020-12-14 09:36:00.248 [reactor-http-nio-2] DEBUG cn.edu.xmu.gateway.localfilter.AuthFilter - filter: token = eyJ0eXAiOiJKV1QiLCJhbGciOiJIUzI1NiJ9.eyJzdWIiOiJ0aGlzIGlzIGEgdG9rZW4iLCJhdWQiOiJNSU5JQVBQIiwidG9rZW5JZCI6IjIwMjAxMjE0MDkzNDUwMFVVIiwiaXNzIjoiT09BRCIsImRlcGFydElkIjotMiwiZXhwIjoxNjA3OTEzMjkwLCJ1c2VySWQiOjIsImlhdCI6MTYwNzkwOTY5MH0.jTnJRTYm9qkmzYxiz0UbHWwxTvBdntyn0HlxapUtHeg
2020-12-14 09:36:00.363 [reactor-http-nio-2] DEBUG cn.edu.xmu.gateway.localfilter.AuthFilter - did匹配
2020-12-14 09:36:00.364 [reactor-http-nio-2] DEBUG cn.edu.xmu.gateway.localfilter.AuthFilter - 获取通用请求路径:/users/states
