2020-12-17 18:07:34.192 [main] ERROR org.springframework.boot.SpringApplication - Application run failed
java.lang.IllegalStateException: Failed to load property source from 'file:/D:/order/gateway/target/classes/application.yaml' (classpath:/application.yaml)
	at org.springframework.boot.context.config.ConfigFileApplicationListener$Loader.load(ConfigFileApplicationListener.java:553)
	at org.springframework.boot.context.config.ConfigFileApplicationListener$Loader.loadForFileExtension(ConfigFileApplicationListener.java:498)
	at org.springframework.boot.context.config.ConfigFileApplicationListener$Loader.load(ConfigFileApplicationListener.java:468)
	at org.springframework.boot.context.config.ConfigFileApplicationListener$Loader.lambda$null$7(ConfigFileApplicationListener.java:447)
	at java.base/java.lang.Iterable.forEach(Iterable.java:75)
	at org.springframework.boot.context.config.ConfigFileApplicationListener$Loader.lambda$load$8(ConfigFileApplicationListener.java:447)
	at java.base/java.lang.Iterable.forEach(Iterable.java:75)
	at org.springframework.boot.context.config.ConfigFileApplicationListener$Loader.load(ConfigFileApplicationListener.java:444)
	at org.springframework.boot.context.config.ConfigFileApplicationListener$Loader.lambda$load$0(ConfigFileApplicationListener.java:347)
	at org.springframework.boot.context.config.FilteredPropertySource.apply(FilteredPropertySource.java:54)
	at org.springframework.boot.context.config.ConfigFileApplicationListener$Loader.load(ConfigFileApplicationListener.java:335)
	at org.springframework.boot.context.config.ConfigFileApplicationListener.addPropertySources(ConfigFileApplicationListener.java:226)
	at org.springframework.boot.context.config.ConfigFileApplicationListener.postProcessEnvironment(ConfigFileApplicationListener.java:210)
	at org.springframework.boot.context.config.ConfigFileApplicationListener.onApplicationEnvironmentPreparedEvent(ConfigFileApplicationListener.java:200)
	at org.springframework.boot.context.config.ConfigFileApplicationListener.onApplicationEvent(ConfigFileApplicationListener.java:188)
	at org.springframework.context.event.SimpleApplicationEventMulticaster.doInvokeListener(SimpleApplicationEventMulticaster.java:172)
	at org.springframework.context.event.SimpleApplicationEventMulticaster.invokeListener(SimpleApplicationEventMulticaster.java:165)
	at org.springframework.context.event.SimpleApplicationEventMulticaster.multicastEvent(SimpleApplicationEventMulticaster.java:139)
	at org.springframework.context.event.SimpleApplicationEventMulticaster.multicastEvent(SimpleApplicationEventMulticaster.java:127)
	at org.springframework.boot.context.event.EventPublishingRunListener.environmentPrepared(EventPublishingRunListener.java:80)
	at org.springframework.boot.SpringApplicationRunListeners.environmentPrepared(SpringApplicationRunListeners.java:53)
	at org.springframework.boot.SpringApplication.prepareEnvironment(SpringApplication.java:345)
	at org.springframework.boot.SpringApplication.run(SpringApplication.java:308)
	at org.springframework.boot.SpringApplication.run(SpringApplication.java:1237)
	at org.springframework.boot.SpringApplication.run(SpringApplication.java:1226)
	at cn.edu.xmu.gateway.Application.main(Application.java:10)
Caused by: org.yaml.snakeyaml.scanner.ScannerException: mapping values are not allowed here
 in 'reader', line 58, column 16:
                uri: http://localhost:8083/
                   ^

	at org.yaml.snakeyaml.scanner.ScannerImpl.fetchValue(ScannerImpl.java:870)
	at org.yaml.snakeyaml.scanner.ScannerImpl.fetchMoreTokens(ScannerImpl.java:358)
	at org.yaml.snakeyaml.scanner.ScannerImpl.checkToken(ScannerImpl.java:227)
	at org.yaml.snakeyaml.parser.ParserImpl$ParseBlockMappingKey.produce(ParserImpl.java:558)
	at org.yaml.snakeyaml.parser.ParserImpl.peekEvent(ParserImpl.java:158)
	at org.yaml.snakeyaml.parser.ParserImpl.checkEvent(ParserImpl.java:148)
	at org.yaml.snakeyaml.composer.Composer.composeMappingNode(Composer.java:235)
	at org.yaml.snakeyaml.composer.Composer.composeNode(Composer.java:162)
	at org.yaml.snakeyaml.composer.Composer.composeSequenceNode(Composer.java:209)
	at org.yaml.snakeyaml.composer.Composer.composeNode(Composer.java:160)
	at org.yaml.snakeyaml.composer.Composer.composeValueNode(Composer.java:257)
	at org.yaml.snakeyaml.composer.Composer.composeMappingChildren(Composer.java:248)
	at org.yaml.snakeyaml.composer.Composer.composeMappingNode(Composer.java:236)
	at org.yaml.snakeyaml.composer.Composer.composeNode(Composer.java:162)
	at org.yaml.snakeyaml.composer.Composer.composeValueNode(Composer.java:257)
	at org.yaml.snakeyaml.composer.Composer.composeMappingChildren(Composer.java:248)
	at org.yaml.snakeyaml.composer.Composer.composeMappingNode(Composer.java:236)
	at org.yaml.snakeyaml.composer.Composer.composeNode(Composer.java:162)
	at org.yaml.snakeyaml.composer.Composer.composeValueNode(Composer.java:257)
	at org.yaml.snakeyaml.composer.Composer.composeMappingChildren(Composer.java:248)
	at org.yaml.snakeyaml.composer.Composer.composeMappingNode(Composer.java:236)
	at org.yaml.snakeyaml.composer.Composer.composeNode(Composer.java:162)
	at org.yaml.snakeyaml.composer.Composer.composeValueNode(Composer.java:257)
	at org.yaml.snakeyaml.composer.Composer.composeMappingChildren(Composer.java:248)
	at org.yaml.snakeyaml.composer.Composer.composeMappingNode(Composer.java:236)
	at org.yaml.snakeyaml.composer.Composer.composeNode(Composer.java:162)
	at org.yaml.snakeyaml.composer.Composer.getNode(Composer.java:95)
	at org.yaml.snakeyaml.constructor.BaseConstructor.getData(BaseConstructor.java:134)
	at org.yaml.snakeyaml.Yaml$1.next(Yaml.java:494)
	at org.springframework.beans.factory.config.YamlProcessor.process(YamlProcessor.java:200)
	at org.springframework.beans.factory.config.YamlProcessor.process(YamlProcessor.java:164)
	at org.springframework.boot.env.OriginTrackedYamlLoader.load(OriginTrackedYamlLoader.java:76)
	at org.springframework.boot.env.YamlPropertySourceLoader.load(YamlPropertySourceLoader.java:50)
	at org.springframework.boot.context.config.ConfigFileApplicationListener$Loader.loadDocuments(ConfigFileApplicationListener.java:607)
	at org.springframework.boot.context.config.ConfigFileApplicationListener$Loader.load(ConfigFileApplicationListener.java:523)
	... 25 common frames omitted
2020-12-17 18:16:53.108 [main] ERROR org.springframework.boot.SpringApplication - Application run failed
java.lang.IllegalStateException: Failed to load property source from 'file:/D:/order/gateway/target/classes/application.yaml' (classpath:/application.yaml)
	at org.springframework.boot.context.config.ConfigFileApplicationListener$Loader.load(ConfigFileApplicationListener.java:553)
	at org.springframework.boot.context.config.ConfigFileApplicationListener$Loader.loadForFileExtension(ConfigFileApplicationListener.java:498)
	at org.springframework.boot.context.config.ConfigFileApplicationListener$Loader.load(ConfigFileApplicationListener.java:468)
	at org.springframework.boot.context.config.ConfigFileApplicationListener$Loader.lambda$null$7(ConfigFileApplicationListener.java:447)
	at java.base/java.lang.Iterable.forEach(Iterable.java:75)
	at org.springframework.boot.context.config.ConfigFileApplicationListener$Loader.lambda$load$8(ConfigFileApplicationListener.java:447)
	at java.base/java.lang.Iterable.forEach(Iterable.java:75)
	at org.springframework.boot.context.config.ConfigFileApplicationListener$Loader.load(ConfigFileApplicationListener.java:444)
	at org.springframework.boot.context.config.ConfigFileApplicationListener$Loader.lambda$load$0(ConfigFileApplicationListener.java:347)
	at org.springframework.boot.context.config.FilteredPropertySource.apply(FilteredPropertySource.java:54)
	at org.springframework.boot.context.config.ConfigFileApplicationListener$Loader.load(ConfigFileApplicationListener.java:335)
	at org.springframework.boot.context.config.ConfigFileApplicationListener.addPropertySources(ConfigFileApplicationListener.java:226)
	at org.springframework.boot.context.config.ConfigFileApplicationListener.postProcessEnvironment(ConfigFileApplicationListener.java:210)
	at org.springframework.boot.context.config.ConfigFileApplicationListener.onApplicationEnvironmentPreparedEvent(ConfigFileApplicationListener.java:200)
	at org.springframework.boot.context.config.ConfigFileApplicationListener.onApplicationEvent(ConfigFileApplicationListener.java:188)
	at org.springframework.context.event.SimpleApplicationEventMulticaster.doInvokeListener(SimpleApplicationEventMulticaster.java:172)
	at org.springframework.context.event.SimpleApplicationEventMulticaster.invokeListener(SimpleApplicationEventMulticaster.java:165)
	at org.springframework.context.event.SimpleApplicationEventMulticaster.multicastEvent(SimpleApplicationEventMulticaster.java:139)
	at org.springframework.context.event.SimpleApplicationEventMulticaster.multicastEvent(SimpleApplicationEventMulticaster.java:127)
	at org.springframework.boot.context.event.EventPublishingRunListener.environmentPrepared(EventPublishingRunListener.java:80)
	at org.springframework.boot.SpringApplicationRunListeners.environmentPrepared(SpringApplicationRunListeners.java:53)
	at org.springframework.boot.SpringApplication.prepareEnvironment(SpringApplication.java:345)
	at org.springframework.boot.SpringApplication.run(SpringApplication.java:308)
	at org.springframework.boot.SpringApplication.run(SpringApplication.java:1237)
	at org.springframework.boot.SpringApplication.run(SpringApplication.java:1226)
	at cn.edu.xmu.gateway.Application.main(Application.java:10)
Caused by: org.yaml.snakeyaml.scanner.ScannerException: mapping values are not allowed here
 in 'reader', line 75, column 16:
                uri: http://localhost:8083/
                   ^

	at org.yaml.snakeyaml.scanner.ScannerImpl.fetchValue(ScannerImpl.java:870)
	at org.yaml.snakeyaml.scanner.ScannerImpl.fetchMoreTokens(ScannerImpl.java:358)
	at org.yaml.snakeyaml.scanner.ScannerImpl.checkToken(ScannerImpl.java:227)
	at org.yaml.snakeyaml.parser.ParserImpl$ParseBlockMappingKey.produce(ParserImpl.java:558)
	at org.yaml.snakeyaml.parser.ParserImpl.peekEvent(ParserImpl.java:158)
	at org.yaml.snakeyaml.parser.ParserImpl.checkEvent(ParserImpl.java:148)
	at org.yaml.snakeyaml.composer.Composer.composeMappingNode(Composer.java:235)
	at org.yaml.snakeyaml.composer.Composer.composeNode(Composer.java:162)
	at org.yaml.snakeyaml.composer.Composer.composeSequenceNode(Composer.java:209)
	at org.yaml.snakeyaml.composer.Composer.composeNode(Composer.java:160)
	at org.yaml.snakeyaml.composer.Composer.composeValueNode(Composer.java:257)
	at org.yaml.snakeyaml.composer.Composer.composeMappingChildren(Composer.java:248)
	at org.yaml.snakeyaml.composer.Composer.composeMappingNode(Composer.java:236)
	at org.yaml.snakeyaml.composer.Composer.composeNode(Composer.java:162)
	at org.yaml.snakeyaml.composer.Composer.composeValueNode(Composer.java:257)
	at org.yaml.snakeyaml.composer.Composer.composeMappingChildren(Composer.java:248)
	at org.yaml.snakeyaml.composer.Composer.composeMappingNode(Composer.java:236)
	at org.yaml.snakeyaml.composer.Composer.composeNode(Composer.java:162)
	at org.yaml.snakeyaml.composer.Composer.composeValueNode(Composer.java:257)
	at org.yaml.snakeyaml.composer.Composer.composeMappingChildren(Composer.java:248)
	at org.yaml.snakeyaml.composer.Composer.composeMappingNode(Composer.java:236)
	at org.yaml.snakeyaml.composer.Composer.composeNode(Composer.java:162)
	at org.yaml.snakeyaml.composer.Composer.composeValueNode(Composer.java:257)
	at org.yaml.snakeyaml.composer.Composer.composeMappingChildren(Composer.java:248)
	at org.yaml.snakeyaml.composer.Composer.composeMappingNode(Composer.java:236)
	at org.yaml.snakeyaml.composer.Composer.composeNode(Composer.java:162)
	at org.yaml.snakeyaml.composer.Composer.getNode(Composer.java:95)
	at org.yaml.snakeyaml.constructor.BaseConstructor.getData(BaseConstructor.java:134)
	at org.yaml.snakeyaml.Yaml$1.next(Yaml.java:494)
	at org.springframework.beans.factory.config.YamlProcessor.process(YamlProcessor.java:200)
	at org.springframework.beans.factory.config.YamlProcessor.process(YamlProcessor.java:164)
	at org.springframework.boot.env.OriginTrackedYamlLoader.load(OriginTrackedYamlLoader.java:76)
	at org.springframework.boot.env.YamlPropertySourceLoader.load(YamlPropertySourceLoader.java:50)
	at org.springframework.boot.context.config.ConfigFileApplicationListener$Loader.loadDocuments(ConfigFileApplicationListener.java:607)
	at org.springframework.boot.context.config.ConfigFileApplicationListener$Loader.load(ConfigFileApplicationListener.java:523)
	... 25 common frames omitted
2020-12-17 18:19:09.266 [main] INFO  cn.edu.xmu.gateway.Application - No active profile set, falling back to default profiles: default
2020-12-17 18:19:27.845 [main] INFO  cn.edu.xmu.gateway.Application - Started Application in 25.542 seconds (JVM running for 28.371)
2020-12-17 18:21:43.350 [main] INFO  cn.edu.xmu.gateway.Application - No active profile set, falling back to default profiles: default
2020-12-17 18:22:01.725 [main] INFO  cn.edu.xmu.gateway.Application - Started Application in 25.416 seconds (JVM running for 28.154)
2020-12-17 18:22:57.544 [main] INFO  cn.edu.xmu.gateway.Application - No active profile set, falling back to default profiles: default
2020-12-17 18:23:15.475 [main] INFO  cn.edu.xmu.gateway.Application - Started Application in 24.398 seconds (JVM running for 27.209)
2020-12-17 18:23:50.748 [main] INFO  cn.edu.xmu.gateway.Application - No active profile set, falling back to default profiles: default
